<?xml version="1.0" encoding="UTF-8"?>
<!-- Generated by org.testng.reporters.JUnitXMLReporter -->
<testsuite ignored="2" hostname="Amal" failures="0" tests="2" name="Test" time="27.072" errors="0" timestamp="2022-06-27T19:54:35 IST">
  <testcase classname="salesforceframe.testcases.TC000_LoginPage" name="loginpage_test" time="7.481"/>
  <testcase classname="io.cucumber.testng.AbstractTestNGCucumberTests" name="runScenario" time="7.717"/>
  <testcase classname="salesforceframe.utils.Reporter" name="@AfterSuite endResult" time="0.0">
    <ignored/>
  </testcase> <!-- @AfterSuite endResult -->
  <testcase classname="salesforceframe.utils.Reporter" name="@BeforeSuite startReport" time="0.0">
    <ignored/>
  </testcase> <!-- @BeforeSuite startReport -->
</testsuite> <!-- Test -->
